[INFO] Scanning for projects...
[INFO] 
[INFO] ---------------------< net.javaguides:ems-backend >---------------------
[INFO] Building ems-backend 0.0.1-SNAPSHOT
[INFO]   from pom.xml
[INFO] --------------------------------[ jar ]---------------------------------
[INFO] 
[INFO] >>> spring-boot:3.4.1:run (default-cli) > test-compile @ ems-backend >>>
[INFO] 
[INFO] --- resources:3.3.1:resources (default-resources) @ ems-backend ---
[INFO] Copying 1 resource from src\main\resources to target\classes
[INFO] Copying 0 resource from src\main\resources to target\classes
[INFO] 
[INFO] --- compiler:3.13.0:compile (default-compile) @ ems-backend ---
[INFO] Nothing to compile - all classes are up to date.
[INFO] 
[INFO] --- resources:3.3.1:testResources (default-testResources) @ ems-backend ---
[INFO] Copying 0 resource from src\test\resources to target\test-classes
[INFO] 
[INFO] --- compiler:3.13.0:testCompile (default-testCompile) @ ems-backend ---
[INFO] Nothing to compile - all classes are up to date.
[INFO] 
[INFO] <<< spring-boot:3.4.1:run (default-cli) < test-compile @ ems-backend <<<
[INFO] 
[INFO] 
[INFO] --- spring-boot:3.4.1:run (default-cli) @ ems-backend ---
[INFO] Attaching agents: []

  .   ____          _            __ _ _
 /\\ / ___'_ __ _ _(_)_ __  __ _ \ \ \ \
( ( )\___ | '_ | '_| | '_ \/ _` | \ \ \ \
 \\/  ___)| |_)| | | | | || (_| |  ) ) ) )
  '  |____| .__|_| |_|_| |_\__, | / / / /
 =========|_|==============|___/=/_/_/_/

 :: Spring Boot ::                (v3.4.1)

2026-04-07T17:10:21.449+05:30  INFO 9840 --- [ems-backend] [  restartedMain] n.javaguides.ems.EmsBackendApplication   : Starting EmsBackendApplication using Java 21.0.7 with PID 9840 (C:\Users\rohan\ems-backend\target\classes started by rohan in C:\Users\rohan\ems-backend)
2026-04-07T17:10:21.450+05:30  INFO 9840 --- [ems-backend] [  restartedMain] n.javaguides.ems.EmsBackendApplication   : No active profile set, falling back to 1 default profile: "default"
2026-04-07T17:10:21.487+05:30  INFO 9840 --- [ems-backend] [  restartedMain] .e.DevToolsPropertyDefaultsPostProcessor : Devtools property defaults active! Set 'spring.devtools.add-properties' to 'false' to disable
2026-04-07T17:10:21.488+05:30  INFO 9840 --- [ems-backend] [  restartedMain] .e.DevToolsPropertyDefaultsPostProcessor : For additional web related logging consider setting the 'logging.level.web' property to 'DEBUG'
2026-04-07T17:10:22.011+05:30  WARN 9840 --- [ems-backend] [  restartedMain] ConfigServletWebServerApplicationContext : Exception encountered during context initialization - cancelling refresh attempt: org.springframework.beans.factory.support.BeanDefinitionOverrideException: Invalid bean definition with name 'corsConfigurationSource' defined in class path resource [net/javaguides/ems/Config/SecurityConfig.class]: Cannot register bean definition [Root bean: class=null; scope=; abstract=false; lazyInit=null; autowireMode=3; dependencyCheck=0; autowireCandidate=true; primary=false; fallback=false; factoryBeanName=securityConfig; factoryMethodName=corsConfigurationSource; initMethodNames=null; destroyMethodNames=[(inferred)]; defined in class path resource [net/javaguides/ems/Config/SecurityConfig.class]] for bean 'corsConfigurationSource' since there is already [Root bean: class=null; scope=; abstract=false; lazyInit=null; autowireMode=3; dependencyCheck=0; autowireCandidate=true; primary=false; fallback=false; factoryBeanName=corsConfig; factoryMethodName=corsConfigurationSource; initMethodNames=null; destroyMethodNames=[(inferred)]; defined in class path resource [net/javaguides/ems/Config/CorsConfig.class]] bound.
2026-04-07T17:10:22.017+05:30  INFO 9840 --- [ems-backend] [  restartedMain] .s.b.a.l.ConditionEvaluationReportLogger : 

Error starting ApplicationContext. To display the condition evaluation report re-run your application with 'debug' enabled.
2026-04-07T17:10:22.035+05:30 ERROR 9840 --- [ems-backend] [  restartedMain] o.s.b.d.LoggingFailureAnalysisReporter   : 

***************************
APPLICATION FAILED TO START
***************************

Description:

The bean 'corsConfigurationSource', defined in class path resource [net/javaguides/ems/Config/SecurityConfig.class], could not be registered. A bean with that name has already been defined in class path resource [net/javaguides/ems/Config/CorsConfig.class] and overriding is disabled.

Action:

Consider renaming one of the beans or enabling overriding by setting spring.main.allow-bean-definition-overriding=true

[INFO] ------------------------------------------------------------------------
[INFO] BUILD SUCCESS
[INFO] ------------------------------------------------------------------------
[INFO] Total time:  2.909 s
[INFO] Finished at: 2026-04-07T17:10:22+05:30
[INFO] ------------------------------------------------------------------------
